###############################################################
#  Generated by:      Cadence Innovus 16.12-s051_1
#  OS:                Linux x86_64(Host ID ee215lnx08.ecn.purdue.edu)
#  Generated on:      Wed Mar  7 19:44:56 2018
#  Design:            lab7_layout_design
#  Command:           verifyConnectivity -type all -error 1000 -warning 50
###############################################################
Verify Connectivity Report is created on Wed Mar  7 19:44:56 2018



Net vdd: has special routes with opens at (310.350, 298.800) (1314.000, 1273.200)
Net vdd: has special routes with opens at (298.800, 476.700) (320.250, 505.500)
Net vdd: dangling Wire at (320.250, 491.100) (320.250, 491.100) on layer: M1
Net gnd: has special routes with opens at (298.800, 330.450) (1314.000, 1241.550)
Net gnd: has special routes with opens at (485.700, 1264.500) (514.500, 1273.200)
Net gnd: has special routes with opens at (975.750, 298.800) (1004.550, 307.500)
Net gnd: has special routes with opens at (485.700, 1231.650) (514.500, 1267.500)
Net gnd: has special routes with opens at (975.750, 304.500) (1004.550, 340.350)
Net gnd: dangling Wire at (500.100, 1231.650) (500.100, 1231.650) on layer: M2
Net gnd: dangling Wire at (500.100, 1267.500) (500.100, 1267.500) on layer: M2
Net gnd: dangling Wire at (990.150, 304.500) (990.150, 304.500) on layer: M2
Net gnd: dangling Wire at (990.150, 340.350) (990.150, 340.350) on layer: M2

Begin Summary
    7 Problem(s) (IMPVFC-200): Special Wires: Pieces of the net are not connected together.
    5 Problem(s) (IMPVFC-94): The net has dangling wire(s).
    12 total info(s) created.
End Summary
